<?xml version="1.0" encoding="UTF-8"?>
<!-- Generated by org.testng.reporters.JUnitXMLReporter -->
<testsuite hostname="210508-Tasnim" tests="5" failures="0" timestamp="19 May 2021 05:13:58 GMT" time="66.401" errors="0">
  <testcase name="baseUrl" time="28.956" classname="Automation"/>
  <testcase name="checkingBuyFiledNullEnteredSellvalue" time="0.189" classname="Automation"/>
  <testcase name="checkingSellFieldNullEnteredBuyValue" time="0.203" classname="Automation"/>
  <testcase name="changeCountrycheckCurrency" time="23.003" classname="Automation"/>
  <testcase name="diffirenceAmmount" time="14.025" classname="Automation"/>
</testsuite>
